The system is: Darwin - 13.0.0 - i386
Compiling the C compiler identification source file "CMakeCCompilerId.c" succeeded.
Compiler: /usr/bin/cc 
Build flags: 
Id flags: 

The output was:
0


Compilation of the C compiler identification source "CMakeCCompilerId.c" produced "a.out"

The C compiler identification is Clang, found in "/Volumes/f/Users/doorxp/libwebsockets/CMakeFiles/2.8.11.1/CompilerIdC/a.out"

Compiling the CXX compiler identification source file "CMakeCXXCompilerId.cpp" succeeded.
Compiler: /usr/bin/c++ 
Build flags: 
Id flags: 

The output was:
0


Compilation of the CXX compiler identification source "CMakeCXXCompilerId.cpp" produced "a.out"

The CXX compiler identification is Clang, found in "/Volumes/f/Users/doorxp/libwebsockets/CMakeFiles/2.8.11.1/CompilerIdCXX/a.out"

Determining if the C compiler works passed with the following output:
Change Dir: /Volumes/f/Users/doorxp/libwebsockets/CMakeFiles/CMakeTmp

Run Build Command:/Volumes/e/Applications/Xcode51-DP.app/Contents/Developer/usr/bin/make "cmTryCompileExec153117127/fast"
/Volumes/e/Applications/Xcode51-DP.app/Contents/Developer/usr/bin/make -f CMakeFiles/cmTryCompileExec153117127.dir/build.make CMakeFiles/cmTryCompileExec153117127.dir/build
/usr/local/Cellar/cmake/2.8.11.1/bin/cmake -E cmake_progress_report /Volumes/f/Users/doorxp/libwebsockets/CMakeFiles/CMakeTmp/CMakeFiles 1
Building C object CMakeFiles/cmTryCompileExec153117127.dir/testCCompiler.c.o
/usr/bin/cc   -isysroot /Volumes/e/Applications/Xcode51-DP.app/Contents/Developer/Platforms/MacOSX.platform/Developer/SDKs/MacOSX10.9.sdk   -o CMakeFiles/cmTryCompileExec153117127.dir/testCCompiler.c.o   -c /Volumes/f/Users/doorxp/libwebsockets/CMakeFiles/CMakeTmp/testCCompiler.c
Linking C executable cmTryCompileExec153117127
/usr/local/Cellar/cmake/2.8.11.1/bin/cmake -E cmake_link_script CMakeFiles/cmTryCompileExec153117127.dir/link.txt --verbose=1
/usr/bin/cc      -isysroot /Volumes/e/Applications/Xcode51-DP.app/Contents/Developer/Platforms/MacOSX.platform/Developer/SDKs/MacOSX10.9.sdk -Wl,-search_paths_first -Wl,-headerpad_max_install_names   CMakeFiles/cmTryCompileExec153117127.dir/testCCompiler.c.o  -o cmTryCompileExec153117127  


Detecting C compiler ABI info compiled with the following output:
Change Dir: /Volumes/f/Users/doorxp/libwebsockets/CMakeFiles/CMakeTmp

Run Build Command:/Volumes/e/Applications/Xcode51-DP.app/Contents/Developer/usr/bin/make "cmTryCompileExec4019221183/fast"
/Volumes/e/Applications/Xcode51-DP.app/Contents/Developer/usr/bin/make -f CMakeFiles/cmTryCompileExec4019221183.dir/build.make CMakeFiles/cmTryCompileExec4019221183.dir/build
/usr/local/Cellar/cmake/2.8.11.1/bin/cmake -E cmake_progress_report /Volumes/f/Users/doorxp/libwebsockets/CMakeFiles/CMakeTmp/CMakeFiles 1
Building C object CMakeFiles/cmTryCompileExec4019221183.dir/CMakeCCompilerABI.c.o
/usr/bin/cc   -isysroot /Volumes/e/Applications/Xcode51-DP.app/Contents/Developer/Platforms/MacOSX.platform/Developer/SDKs/MacOSX10.9.sdk   -o CMakeFiles/cmTryCompileExec4019221183.dir/CMakeCCompilerABI.c.o   -c /usr/local/Cellar/cmake/2.8.11.1/share/cmake/Modules/CMakeCCompilerABI.c
Linking C executable cmTryCompileExec4019221183
/usr/local/Cellar/cmake/2.8.11.1/bin/cmake -E cmake_link_script CMakeFiles/cmTryCompileExec4019221183.dir/link.txt --verbose=1
/usr/bin/cc      -isysroot /Volumes/e/Applications/Xcode51-DP.app/Contents/Developer/Platforms/MacOSX.platform/Developer/SDKs/MacOSX10.9.sdk -Wl,-search_paths_first -Wl,-headerpad_max_install_names -v -Wl,-v CMakeFiles/cmTryCompileExec4019221183.dir/CMakeCCompilerABI.c.o  -o cmTryCompileExec4019221183   
Apple LLVM version 5.0 (clang-500.2.90) (based on LLVM 3.3svn)
Target: x86_64-apple-darwin13.0.0
Thread model: posix
 "/Volumes/e/Applications/Xcode51-DP.app/Contents/Developer/Toolchains/XcodeDefault.xctoolchain/usr/bin/ld" -demangle -dynamic -arch x86_64 -macosx_version_min 10.9.0 -syslibroot /Volumes/e/Applications/Xcode51-DP.app/Contents/Developer/Platforms/MacOSX.platform/Developer/SDKs/MacOSX10.9.sdk -o cmTryCompileExec4019221183 -search_paths_first -headerpad_max_install_names -v CMakeFiles/cmTryCompileExec4019221183.dir/CMakeCCompilerABI.c.o -lSystem /Volumes/e/Applications/Xcode51-DP.app/Contents/Developer/Toolchains/XcodeDefault.xctoolchain/usr/bin/../lib/clang/5.0/lib/darwin/libclang_rt.osx.a
@(#)PROGRAM:ld  PROJECT:ld64-232
configured to support archs: armv6 armv7 armv7s arm64 i386 x86_64 armv6m armv7m armv7em
Library search paths:
	/Volumes/e/Applications/Xcode51-DP.app/Contents/Developer/Platforms/MacOSX.platform/Developer/SDKs/MacOSX10.9.sdk/usr/lib
Framework search paths:
	/Volumes/e/Applications/Xcode51-DP.app/Contents/Developer/Platforms/MacOSX.platform/Developer/SDKs/MacOSX10.9.sdk/System/Library/Frameworks/


Parsed C implicit link information from above output:
  link line regex: [^( *|.*[/\])(ld|ld|collect2)[^/\]*( |$)]
  ignore line: [Change Dir: /Volumes/f/Users/doorxp/libwebsockets/CMakeFiles/CMakeTmp]
  ignore line: []
  ignore line: [Run Build Command:/Volumes/e/Applications/Xcode51-DP.app/Contents/Developer/usr/bin/make "cmTryCompileExec4019221183/fast"]
  ignore line: [/Volumes/e/Applications/Xcode51-DP.app/Contents/Developer/usr/bin/make -f CMakeFiles/cmTryCompileExec4019221183.dir/build.make CMakeFiles/cmTryCompileExec4019221183.dir/build]
  ignore line: [/usr/local/Cellar/cmake/2.8.11.1/bin/cmake -E cmake_progress_report /Volumes/f/Users/doorxp/libwebsockets/CMakeFiles/CMakeTmp/CMakeFiles 1]
  ignore line: [Building C object CMakeFiles/cmTryCompileExec4019221183.dir/CMakeCCompilerABI.c.o]
  ignore line: [/usr/bin/cc   -isysroot /Volumes/e/Applications/Xcode51-DP.app/Contents/Developer/Platforms/MacOSX.platform/Developer/SDKs/MacOSX10.9.sdk   -o CMakeFiles/cmTryCompileExec4019221183.dir/CMakeCCompilerABI.c.o   -c /usr/local/Cellar/cmake/2.8.11.1/share/cmake/Modules/CMakeCCompilerABI.c]
  ignore line: [Linking C executable cmTryCompileExec4019221183]
  ignore line: [/usr/local/Cellar/cmake/2.8.11.1/bin/cmake -E cmake_link_script CMakeFiles/cmTryCompileExec4019221183.dir/link.txt --verbose=1]
  ignore line: [/usr/bin/cc      -isysroot /Volumes/e/Applications/Xcode51-DP.app/Contents/Developer/Platforms/MacOSX.platform/Developer/SDKs/MacOSX10.9.sdk -Wl,-search_paths_first -Wl,-headerpad_max_install_names -v -Wl,-v CMakeFiles/cmTryCompileExec4019221183.dir/CMakeCCompilerABI.c.o  -o cmTryCompileExec4019221183   ]
  ignore line: [Apple LLVM version 5.0 (clang-500.2.90) (based on LLVM 3.3svn)]
  ignore line: [Target: x86_64-apple-darwin13.0.0]
  ignore line: [Thread model: posix]
  link line: [ "/Volumes/e/Applications/Xcode51-DP.app/Contents/Developer/Toolchains/XcodeDefault.xctoolchain/usr/bin/ld" -demangle -dynamic -arch x86_64 -macosx_version_min 10.9.0 -syslibroot /Volumes/e/Applications/Xcode51-DP.app/Contents/Developer/Platforms/MacOSX.platform/Developer/SDKs/MacOSX10.9.sdk -o cmTryCompileExec4019221183 -search_paths_first -headerpad_max_install_names -v CMakeFiles/cmTryCompileExec4019221183.dir/CMakeCCompilerABI.c.o -lSystem /Volumes/e/Applications/Xcode51-DP.app/Contents/Developer/Toolchains/XcodeDefault.xctoolchain/usr/bin/../lib/clang/5.0/lib/darwin/libclang_rt.osx.a]
    arg [/Volumes/e/Applications/Xcode51-DP.app/Contents/Developer/Toolchains/XcodeDefault.xctoolchain/usr/bin/ld] ==> ignore
    arg [-demangle] ==> ignore
    arg [-dynamic] ==> ignore
    arg [-arch] ==> ignore
    arg [x86_64] ==> ignore
    arg [-macosx_version_min] ==> ignore
    arg [10.9.0] ==> ignore
    arg [-syslibroot] ==> ignore
    arg [/Volumes/e/Applications/Xcode51-DP.app/Contents/Developer/Platforms/MacOSX.platform/Developer/SDKs/MacOSX10.9.sdk] ==> ignore
    arg [-o] ==> ignore
    arg [cmTryCompileExec4019221183] ==> ignore
    arg [-search_paths_first] ==> ignore
    arg [-headerpad_max_install_names] ==> ignore
    arg [-v] ==> ignore
    arg [CMakeFiles/cmTryCompileExec4019221183.dir/CMakeCCompilerABI.c.o] ==> ignore
    arg [-lSystem] ==> lib [System]
    arg [/Volumes/e/Applications/Xcode51-DP.app/Contents/Developer/Toolchains/XcodeDefault.xctoolchain/usr/bin/../lib/clang/5.0/lib/darwin/libclang_rt.osx.a] ==> lib [/Volumes/e/Applications/Xcode51-DP.app/Contents/Developer/Toolchains/XcodeDefault.xctoolchain/usr/bin/../lib/clang/5.0/lib/darwin/libclang_rt.osx.a]
  Library search paths: [;/Volumes/e/Applications/Xcode51-DP.app/Contents/Developer/Platforms/MacOSX.platform/Developer/SDKs/MacOSX10.9.sdk/usr/lib]
  Framework search paths: [;/Volumes/e/Applications/Xcode51-DP.app/Contents/Developer/Platforms/MacOSX.platform/Developer/SDKs/MacOSX10.9.sdk/System/Library/Frameworks/]
  remove lib [System]
  collapse lib [/Volumes/e/Applications/Xcode51-DP.app/Contents/Developer/Toolchains/XcodeDefault.xctoolchain/usr/bin/../lib/clang/5.0/lib/darwin/libclang_rt.osx.a] ==> [/Volumes/e/Applications/Xcode51-DP.app/Contents/Developer/Toolchains/XcodeDefault.xctoolchain/usr/lib/clang/5.0/lib/darwin/libclang_rt.osx.a]
  collapse library dir [/Volumes/e/Applications/Xcode51-DP.app/Contents/Developer/Platforms/MacOSX.platform/Developer/SDKs/MacOSX10.9.sdk/usr/lib] ==> [/Volumes/e/Applications/Xcode51-DP.app/Contents/Developer/Platforms/MacOSX.platform/Developer/SDKs/MacOSX10.9.sdk/usr/lib]
  collapse framework dir [/Volumes/e/Applications/Xcode51-DP.app/Contents/Developer/Platforms/MacOSX.platform/Developer/SDKs/MacOSX10.9.sdk/System/Library/Frameworks/] ==> [/Volumes/e/Applications/Xcode51-DP.app/Contents/Developer/Platforms/MacOSX.platform/Developer/SDKs/MacOSX10.9.sdk/System/Library/Frameworks]
  implicit libs: [/Volumes/e/Applications/Xcode51-DP.app/Contents/Developer/Toolchains/XcodeDefault.xctoolchain/usr/lib/clang/5.0/lib/darwin/libclang_rt.osx.a]
  implicit dirs: [/Volumes/e/Applications/Xcode51-DP.app/Contents/Developer/Platforms/MacOSX.platform/Developer/SDKs/MacOSX10.9.sdk/usr/lib]
  implicit fwks: [/Volumes/e/Applications/Xcode51-DP.app/Contents/Developer/Platforms/MacOSX.platform/Developer/SDKs/MacOSX10.9.sdk/System/Library/Frameworks]


Determining if the CXX compiler works passed with the following output:
Change Dir: /Volumes/f/Users/doorxp/libwebsockets/CMakeFiles/CMakeTmp

Run Build Command:/Volumes/e/Applications/Xcode51-DP.app/Contents/Developer/usr/bin/make "cmTryCompileExec4267099371/fast"
/Volumes/e/Applications/Xcode51-DP.app/Contents/Developer/usr/bin/make -f CMakeFiles/cmTryCompileExec4267099371.dir/build.make CMakeFiles/cmTryCompileExec4267099371.dir/build
/usr/local/Cellar/cmake/2.8.11.1/bin/cmake -E cmake_progress_report /Volumes/f/Users/doorxp/libwebsockets/CMakeFiles/CMakeTmp/CMakeFiles 1
Building CXX object CMakeFiles/cmTryCompileExec4267099371.dir/testCXXCompiler.cxx.o
/usr/bin/c++    -isysroot /Volumes/e/Applications/Xcode51-DP.app/Contents/Developer/Platforms/MacOSX.platform/Developer/SDKs/MacOSX10.9.sdk   -o CMakeFiles/cmTryCompileExec4267099371.dir/testCXXCompiler.cxx.o -c /Volumes/f/Users/doorxp/libwebsockets/CMakeFiles/CMakeTmp/testCXXCompiler.cxx
Linking CXX executable cmTryCompileExec4267099371
/usr/local/Cellar/cmake/2.8.11.1/bin/cmake -E cmake_link_script CMakeFiles/cmTryCompileExec4267099371.dir/link.txt --verbose=1
/usr/bin/c++       -isysroot /Volumes/e/Applications/Xcode51-DP.app/Contents/Developer/Platforms/MacOSX.platform/Developer/SDKs/MacOSX10.9.sdk -Wl,-search_paths_first -Wl,-headerpad_max_install_names   CMakeFiles/cmTryCompileExec4267099371.dir/testCXXCompiler.cxx.o  -o cmTryCompileExec4267099371  


Detecting CXX compiler ABI info compiled with the following output:
Change Dir: /Volumes/f/Users/doorxp/libwebsockets/CMakeFiles/CMakeTmp

Run Build Command:/Volumes/e/Applications/Xcode51-DP.app/Contents/Developer/usr/bin/make "cmTryCompileExec2053016015/fast"
/Volumes/e/Applications/Xcode51-DP.app/Contents/Developer/usr/bin/make -f CMakeFiles/cmTryCompileExec2053016015.dir/build.make CMakeFiles/cmTryCompileExec2053016015.dir/build
/usr/local/Cellar/cmake/2.8.11.1/bin/cmake -E cmake_progress_report /Volumes/f/Users/doorxp/libwebsockets/CMakeFiles/CMakeTmp/CMakeFiles 1
Building CXX object CMakeFiles/cmTryCompileExec2053016015.dir/CMakeCXXCompilerABI.cpp.o
/usr/bin/c++    -isysroot /Volumes/e/Applications/Xcode51-DP.app/Contents/Developer/Platforms/MacOSX.platform/Developer/SDKs/MacOSX10.9.sdk   -o CMakeFiles/cmTryCompileExec2053016015.dir/CMakeCXXCompilerABI.cpp.o -c /usr/local/Cellar/cmake/2.8.11.1/share/cmake/Modules/CMakeCXXCompilerABI.cpp
Linking CXX executable cmTryCompileExec2053016015
/usr/local/Cellar/cmake/2.8.11.1/bin/cmake -E cmake_link_script CMakeFiles/cmTryCompileExec2053016015.dir/link.txt --verbose=1
/usr/bin/c++       -isysroot /Volumes/e/Applications/Xcode51-DP.app/Contents/Developer/Platforms/MacOSX.platform/Developer/SDKs/MacOSX10.9.sdk -Wl,-search_paths_first -Wl,-headerpad_max_install_names -v -Wl,-v CMakeFiles/cmTryCompileExec2053016015.dir/CMakeCXXCompilerABI.cpp.o  -o cmTryCompileExec2053016015   
Apple LLVM version 5.0 (clang-500.2.90) (based on LLVM 3.3svn)
Target: x86_64-apple-darwin13.0.0
Thread model: posix
 "/Volumes/e/Applications/Xcode51-DP.app/Contents/Developer/Toolchains/XcodeDefault.xctoolchain/usr/bin/ld" -demangle -dynamic -arch x86_64 -macosx_version_min 10.9.0 -syslibroot /Volumes/e/Applications/Xcode51-DP.app/Contents/Developer/Platforms/MacOSX.platform/Developer/SDKs/MacOSX10.9.sdk -o cmTryCompileExec2053016015 -search_paths_first -headerpad_max_install_names -v CMakeFiles/cmTryCompileExec2053016015.dir/CMakeCXXCompilerABI.cpp.o -lc++ -lSystem /Volumes/e/Applications/Xcode51-DP.app/Contents/Developer/Toolchains/XcodeDefault.xctoolchain/usr/bin/../lib/clang/5.0/lib/darwin/libclang_rt.osx.a
@(#)PROGRAM:ld  PROJECT:ld64-232
configured to support archs: armv6 armv7 armv7s arm64 i386 x86_64 armv6m armv7m armv7em
Library search paths:
	/Volumes/e/Applications/Xcode51-DP.app/Contents/Developer/Platforms/MacOSX.platform/Developer/SDKs/MacOSX10.9.sdk/usr/lib
Framework search paths:
	/Volumes/e/Applications/Xcode51-DP.app/Contents/Developer/Platforms/MacOSX.platform/Developer/SDKs/MacOSX10.9.sdk/System/Library/Frameworks/


Parsed CXX implicit link information from above output:
  link line regex: [^( *|.*[/\])(ld|ld|collect2)[^/\]*( |$)]
  ignore line: [Change Dir: /Volumes/f/Users/doorxp/libwebsockets/CMakeFiles/CMakeTmp]
  ignore line: []
  ignore line: [Run Build Command:/Volumes/e/Applications/Xcode51-DP.app/Contents/Developer/usr/bin/make "cmTryCompileExec2053016015/fast"]
  ignore line: [/Volumes/e/Applications/Xcode51-DP.app/Contents/Developer/usr/bin/make -f CMakeFiles/cmTryCompileExec2053016015.dir/build.make CMakeFiles/cmTryCompileExec2053016015.dir/build]
  ignore line: [/usr/local/Cellar/cmake/2.8.11.1/bin/cmake -E cmake_progress_report /Volumes/f/Users/doorxp/libwebsockets/CMakeFiles/CMakeTmp/CMakeFiles 1]
  ignore line: [Building CXX object CMakeFiles/cmTryCompileExec2053016015.dir/CMakeCXXCompilerABI.cpp.o]
  ignore line: [/usr/bin/c++    -isysroot /Volumes/e/Applications/Xcode51-DP.app/Contents/Developer/Platforms/MacOSX.platform/Developer/SDKs/MacOSX10.9.sdk   -o CMakeFiles/cmTryCompileExec2053016015.dir/CMakeCXXCompilerABI.cpp.o -c /usr/local/Cellar/cmake/2.8.11.1/share/cmake/Modules/CMakeCXXCompilerABI.cpp]
  ignore line: [Linking CXX executable cmTryCompileExec2053016015]
  ignore line: [/usr/local/Cellar/cmake/2.8.11.1/bin/cmake -E cmake_link_script CMakeFiles/cmTryCompileExec2053016015.dir/link.txt --verbose=1]
  ignore line: [/usr/bin/c++       -isysroot /Volumes/e/Applications/Xcode51-DP.app/Contents/Developer/Platforms/MacOSX.platform/Developer/SDKs/MacOSX10.9.sdk -Wl,-search_paths_first -Wl,-headerpad_max_install_names -v -Wl,-v CMakeFiles/cmTryCompileExec2053016015.dir/CMakeCXXCompilerABI.cpp.o  -o cmTryCompileExec2053016015   ]
  ignore line: [Apple LLVM version 5.0 (clang-500.2.90) (based on LLVM 3.3svn)]
  ignore line: [Target: x86_64-apple-darwin13.0.0]
  ignore line: [Thread model: posix]
  link line: [ "/Volumes/e/Applications/Xcode51-DP.app/Contents/Developer/Toolchains/XcodeDefault.xctoolchain/usr/bin/ld" -demangle -dynamic -arch x86_64 -macosx_version_min 10.9.0 -syslibroot /Volumes/e/Applications/Xcode51-DP.app/Contents/Developer/Platforms/MacOSX.platform/Developer/SDKs/MacOSX10.9.sdk -o cmTryCompileExec2053016015 -search_paths_first -headerpad_max_install_names -v CMakeFiles/cmTryCompileExec2053016015.dir/CMakeCXXCompilerABI.cpp.o -lc++ -lSystem /Volumes/e/Applications/Xcode51-DP.app/Contents/Developer/Toolchains/XcodeDefault.xctoolchain/usr/bin/../lib/clang/5.0/lib/darwin/libclang_rt.osx.a]
    arg [/Volumes/e/Applications/Xcode51-DP.app/Contents/Developer/Toolchains/XcodeDefault.xctoolchain/usr/bin/ld] ==> ignore
    arg [-demangle] ==> ignore
    arg [-dynamic] ==> ignore
    arg [-arch] ==> ignore
    arg [x86_64] ==> ignore
    arg [-macosx_version_min] ==> ignore
    arg [10.9.0] ==> ignore
    arg [-syslibroot] ==> ignore
    arg [/Volumes/e/Applications/Xcode51-DP.app/Contents/Developer/Platforms/MacOSX.platform/Developer/SDKs/MacOSX10.9.sdk] ==> ignore
    arg [-o] ==> ignore
    arg [cmTryCompileExec2053016015] ==> ignore
    arg [-search_paths_first] ==> ignore
    arg [-headerpad_max_install_names] ==> ignore
    arg [-v] ==> ignore
    arg [CMakeFiles/cmTryCompileExec2053016015.dir/CMakeCXXCompilerABI.cpp.o] ==> ignore
    arg [-lc++] ==> lib [c++]
    arg [-lSystem] ==> lib [System]
    arg [/Volumes/e/Applications/Xcode51-DP.app/Contents/Developer/Toolchains/XcodeDefault.xctoolchain/usr/bin/../lib/clang/5.0/lib/darwin/libclang_rt.osx.a] ==> lib [/Volumes/e/Applications/Xcode51-DP.app/Contents/Developer/Toolchains/XcodeDefault.xctoolchain/usr/bin/../lib/clang/5.0/lib/darwin/libclang_rt.osx.a]
  Library search paths: [;/Volumes/e/Applications/Xcode51-DP.app/Contents/Developer/Platforms/MacOSX.platform/Developer/SDKs/MacOSX10.9.sdk/usr/lib]
  Framework search paths: [;/Volumes/e/Applications/Xcode51-DP.app/Contents/Developer/Platforms/MacOSX.platform/Developer/SDKs/MacOSX10.9.sdk/System/Library/Frameworks/]
  remove lib [System]
  collapse lib [/Volumes/e/Applications/Xcode51-DP.app/Contents/Developer/Toolchains/XcodeDefault.xctoolchain/usr/bin/../lib/clang/5.0/lib/darwin/libclang_rt.osx.a] ==> [/Volumes/e/Applications/Xcode51-DP.app/Contents/Developer/Toolchains/XcodeDefault.xctoolchain/usr/lib/clang/5.0/lib/darwin/libclang_rt.osx.a]
  collapse library dir [/Volumes/e/Applications/Xcode51-DP.app/Contents/Developer/Platforms/MacOSX.platform/Developer/SDKs/MacOSX10.9.sdk/usr/lib] ==> [/Volumes/e/Applications/Xcode51-DP.app/Contents/Developer/Platforms/MacOSX.platform/Developer/SDKs/MacOSX10.9.sdk/usr/lib]
  collapse framework dir [/Volumes/e/Applications/Xcode51-DP.app/Contents/Developer/Platforms/MacOSX.platform/Developer/SDKs/MacOSX10.9.sdk/System/Library/Frameworks/] ==> [/Volumes/e/Applications/Xcode51-DP.app/Contents/Developer/Platforms/MacOSX.platform/Developer/SDKs/MacOSX10.9.sdk/System/Library/Frameworks]
  implicit libs: [c++;/Volumes/e/Applications/Xcode51-DP.app/Contents/Developer/Toolchains/XcodeDefault.xctoolchain/usr/lib/clang/5.0/lib/darwin/libclang_rt.osx.a]
  implicit dirs: [/Volumes/e/Applications/Xcode51-DP.app/Contents/Developer/Platforms/MacOSX.platform/Developer/SDKs/MacOSX10.9.sdk/usr/lib]
  implicit fwks: [/Volumes/e/Applications/Xcode51-DP.app/Contents/Developer/Platforms/MacOSX.platform/Developer/SDKs/MacOSX10.9.sdk/System/Library/Frameworks]


Determining if the function bzero exists passed with the following output:
Change Dir: /Volumes/f/Users/doorxp/libwebsockets/CMakeFiles/CMakeTmp

Run Build Command:/Volumes/e/Applications/Xcode51-DP.app/Contents/Developer/usr/bin/make "cmTryCompileExec3992971740/fast"
/Volumes/e/Applications/Xcode51-DP.app/Contents/Developer/usr/bin/make -f CMakeFiles/cmTryCompileExec3992971740.dir/build.make CMakeFiles/cmTryCompileExec3992971740.dir/build
/usr/local/Cellar/cmake/2.8.11.1/bin/cmake -E cmake_progress_report /Volumes/f/Users/doorxp/libwebsockets/CMakeFiles/CMakeTmp/CMakeFiles 1
Building C object CMakeFiles/cmTryCompileExec3992971740.dir/CheckFunctionExists.c.o
/usr/bin/cc  -DKEYWORD=__inline -DCHECK_FUNCTION_EXISTS=bzero -isysroot /Volumes/e/Applications/Xcode51-DP.app/Contents/Developer/Platforms/MacOSX.platform/Developer/SDKs/MacOSX10.9.sdk   -o CMakeFiles/cmTryCompileExec3992971740.dir/CheckFunctionExists.c.o   -c /usr/local/Cellar/cmake/2.8.11.1/share/cmake/Modules/CheckFunctionExists.c
/usr/local/Cellar/cmake/2.8.11.1/share/cmake/Modules/CheckFunctionExists.c:3:6: warning: incompatible redeclaration of library function 'bzero' [-Wincompatible-library-redeclaration]
char CHECK_FUNCTION_EXISTS();
     ^
<command line>:2:31: note: expanded from here
#define CHECK_FUNCTION_EXISTS bzero
                              ^
/usr/local/Cellar/cmake/2.8.11.1/share/cmake/Modules/CheckFunctionExists.c:3:6: note: 'bzero' is a builtin with type 'void (void *, unsigned long)'
<command line>:2:31: note: expanded from here
#define CHECK_FUNCTION_EXISTS bzero
                              ^
1 warning generated.
Linking C executable cmTryCompileExec3992971740
/usr/local/Cellar/cmake/2.8.11.1/bin/cmake -E cmake_link_script CMakeFiles/cmTryCompileExec3992971740.dir/link.txt --verbose=1
/usr/bin/cc     -DCHECK_FUNCTION_EXISTS=bzero -isysroot /Volumes/e/Applications/Xcode51-DP.app/Contents/Developer/Platforms/MacOSX.platform/Developer/SDKs/MacOSX10.9.sdk -Wl,-search_paths_first -Wl,-headerpad_max_install_names   CMakeFiles/cmTryCompileExec3992971740.dir/CheckFunctionExists.c.o  -o cmTryCompileExec3992971740  


Determining if the function fork exists passed with the following output:
Change Dir: /Volumes/f/Users/doorxp/libwebsockets/CMakeFiles/CMakeTmp

Run Build Command:/Volumes/e/Applications/Xcode51-DP.app/Contents/Developer/usr/bin/make "cmTryCompileExec454807138/fast"
/Volumes/e/Applications/Xcode51-DP.app/Contents/Developer/usr/bin/make -f CMakeFiles/cmTryCompileExec454807138.dir/build.make CMakeFiles/cmTryCompileExec454807138.dir/build
/usr/local/Cellar/cmake/2.8.11.1/bin/cmake -E cmake_progress_report /Volumes/f/Users/doorxp/libwebsockets/CMakeFiles/CMakeTmp/CMakeFiles 1
Building C object CMakeFiles/cmTryCompileExec454807138.dir/CheckFunctionExists.c.o
/usr/bin/cc  -DKEYWORD=__inline -DCHECK_FUNCTION_EXISTS=fork -isysroot /Volumes/e/Applications/Xcode51-DP.app/Contents/Developer/Platforms/MacOSX.platform/Developer/SDKs/MacOSX10.9.sdk   -o CMakeFiles/cmTryCompileExec454807138.dir/CheckFunctionExists.c.o   -c /usr/local/Cellar/cmake/2.8.11.1/share/cmake/Modules/CheckFunctionExists.c
Linking C executable cmTryCompileExec454807138
/usr/local/Cellar/cmake/2.8.11.1/bin/cmake -E cmake_link_script CMakeFiles/cmTryCompileExec454807138.dir/link.txt --verbose=1
/usr/bin/cc     -DCHECK_FUNCTION_EXISTS=fork -isysroot /Volumes/e/Applications/Xcode51-DP.app/Contents/Developer/Platforms/MacOSX.platform/Developer/SDKs/MacOSX10.9.sdk -Wl,-search_paths_first -Wl,-headerpad_max_install_names   CMakeFiles/cmTryCompileExec454807138.dir/CheckFunctionExists.c.o  -o cmTryCompileExec454807138  


Determining if the function malloc exists passed with the following output:
Change Dir: /Volumes/f/Users/doorxp/libwebsockets/CMakeFiles/CMakeTmp

Run Build Command:/Volumes/e/Applications/Xcode51-DP.app/Contents/Developer/usr/bin/make "cmTryCompileExec4154539637/fast"
/Volumes/e/Applications/Xcode51-DP.app/Contents/Developer/usr/bin/make -f CMakeFiles/cmTryCompileExec4154539637.dir/build.make CMakeFiles/cmTryCompileExec4154539637.dir/build
/usr/local/Cellar/cmake/2.8.11.1/bin/cmake -E cmake_progress_report /Volumes/f/Users/doorxp/libwebsockets/CMakeFiles/CMakeTmp/CMakeFiles 1
Building C object CMakeFiles/cmTryCompileExec4154539637.dir/CheckFunctionExists.c.o
/usr/bin/cc  -DKEYWORD=__inline -DCHECK_FUNCTION_EXISTS=malloc -isysroot /Volumes/e/Applications/Xcode51-DP.app/Contents/Developer/Platforms/MacOSX.platform/Developer/SDKs/MacOSX10.9.sdk   -o CMakeFiles/cmTryCompileExec4154539637.dir/CheckFunctionExists.c.o   -c /usr/local/Cellar/cmake/2.8.11.1/share/cmake/Modules/CheckFunctionExists.c
/usr/local/Cellar/cmake/2.8.11.1/share/cmake/Modules/CheckFunctionExists.c:3:6: warning: incompatible redeclaration of library function 'malloc' [-Wincompatible-library-redeclaration]
char CHECK_FUNCTION_EXISTS();
     ^
<command line>:2:31: note: expanded from here
#define CHECK_FUNCTION_EXISTS malloc
                              ^
/usr/local/Cellar/cmake/2.8.11.1/share/cmake/Modules/CheckFunctionExists.c:3:6: note: 'malloc' is a builtin with type 'void *(unsigned long)'
<command line>:2:31: note: expanded from here
#define CHECK_FUNCTION_EXISTS malloc
                              ^
1 warning generated.
Linking C executable cmTryCompileExec4154539637
/usr/local/Cellar/cmake/2.8.11.1/bin/cmake -E cmake_link_script CMakeFiles/cmTryCompileExec4154539637.dir/link.txt --verbose=1
/usr/bin/cc     -DCHECK_FUNCTION_EXISTS=malloc -isysroot /Volumes/e/Applications/Xcode51-DP.app/Contents/Developer/Platforms/MacOSX.platform/Developer/SDKs/MacOSX10.9.sdk -Wl,-search_paths_first -Wl,-headerpad_max_install_names   CMakeFiles/cmTryCompileExec4154539637.dir/CheckFunctionExists.c.o  -o cmTryCompileExec4154539637  


Determining if the function memset exists passed with the following output:
Change Dir: /Volumes/f/Users/doorxp/libwebsockets/CMakeFiles/CMakeTmp

Run Build Command:/Volumes/e/Applications/Xcode51-DP.app/Contents/Developer/usr/bin/make "cmTryCompileExec2039536115/fast"
/Volumes/e/Applications/Xcode51-DP.app/Contents/Developer/usr/bin/make -f CMakeFiles/cmTryCompileExec2039536115.dir/build.make CMakeFiles/cmTryCompileExec2039536115.dir/build
/usr/local/Cellar/cmake/2.8.11.1/bin/cmake -E cmake_progress_report /Volumes/f/Users/doorxp/libwebsockets/CMakeFiles/CMakeTmp/CMakeFiles 1
Building C object CMakeFiles/cmTryCompileExec2039536115.dir/CheckFunctionExists.c.o
/usr/bin/cc  -DKEYWORD=__inline -DCHECK_FUNCTION_EXISTS=memset -isysroot /Volumes/e/Applications/Xcode51-DP.app/Contents/Developer/Platforms/MacOSX.platform/Developer/SDKs/MacOSX10.9.sdk   -o CMakeFiles/cmTryCompileExec2039536115.dir/CheckFunctionExists.c.o   -c /usr/local/Cellar/cmake/2.8.11.1/share/cmake/Modules/CheckFunctionExists.c
/usr/local/Cellar/cmake/2.8.11.1/share/cmake/Modules/CheckFunctionExists.c:3:6: warning: incompatible redeclaration of library function 'memset' [-Wincompatible-library-redeclaration]
char CHECK_FUNCTION_EXISTS();
     ^
<command line>:2:31: note: expanded from here
#define CHECK_FUNCTION_EXISTS memset
                              ^
/usr/local/Cellar/cmake/2.8.11.1/share/cmake/Modules/CheckFunctionExists.c:3:6: note: 'memset' is a builtin with type 'void *(void *, int, unsigned long)'
<command line>:2:31: note: expanded from here
#define CHECK_FUNCTION_EXISTS memset
                              ^
1 warning generated.
Linking C executable cmTryCompileExec2039536115
/usr/local/Cellar/cmake/2.8.11.1/bin/cmake -E cmake_link_script CMakeFiles/cmTryCompileExec2039536115.dir/link.txt --verbose=1
/usr/bin/cc     -DCHECK_FUNCTION_EXISTS=memset -isysroot /Volumes/e/Applications/Xcode51-DP.app/Contents/Developer/Platforms/MacOSX.platform/Developer/SDKs/MacOSX10.9.sdk -Wl,-search_paths_first -Wl,-headerpad_max_install_names   CMakeFiles/cmTryCompileExec2039536115.dir/CheckFunctionExists.c.o  -o cmTryCompileExec2039536115  


Determining if the function realloc exists passed with the following output:
Change Dir: /Volumes/f/Users/doorxp/libwebsockets/CMakeFiles/CMakeTmp

Run Build Command:/Volumes/e/Applications/Xcode51-DP.app/Contents/Developer/usr/bin/make "cmTryCompileExec2267374439/fast"
/Volumes/e/Applications/Xcode51-DP.app/Contents/Developer/usr/bin/make -f CMakeFiles/cmTryCompileExec2267374439.dir/build.make CMakeFiles/cmTryCompileExec2267374439.dir/build
/usr/local/Cellar/cmake/2.8.11.1/bin/cmake -E cmake_progress_report /Volumes/f/Users/doorxp/libwebsockets/CMakeFiles/CMakeTmp/CMakeFiles 1
Building C object CMakeFiles/cmTryCompileExec2267374439.dir/CheckFunctionExists.c.o
/usr/bin/cc  -DKEYWORD=__inline -DCHECK_FUNCTION_EXISTS=realloc -isysroot /Volumes/e/Applications/Xcode51-DP.app/Contents/Developer/Platforms/MacOSX.platform/Developer/SDKs/MacOSX10.9.sdk   -o CMakeFiles/cmTryCompileExec2267374439.dir/CheckFunctionExists.c.o   -c /usr/local/Cellar/cmake/2.8.11.1/share/cmake/Modules/CheckFunctionExists.c
/usr/local/Cellar/cmake/2.8.11.1/share/cmake/Modules/CheckFunctionExists.c:3:6: warning: incompatible redeclaration of library function 'realloc' [-Wincompatible-library-redeclaration]
char CHECK_FUNCTION_EXISTS();
     ^
<command line>:2:31: note: expanded from here
#define CHECK_FUNCTION_EXISTS realloc
                              ^
/usr/local/Cellar/cmake/2.8.11.1/share/cmake/Modules/CheckFunctionExists.c:3:6: note: 'realloc' is a builtin with type 'void *(void *, unsigned long)'
<command line>:2:31: note: expanded from here
#define CHECK_FUNCTION_EXISTS realloc
                              ^
1 warning generated.
Linking C executable cmTryCompileExec2267374439
/usr/local/Cellar/cmake/2.8.11.1/bin/cmake -E cmake_link_script CMakeFiles/cmTryCompileExec2267374439.dir/link.txt --verbose=1
/usr/bin/cc     -DCHECK_FUNCTION_EXISTS=realloc -isysroot /Volumes/e/Applications/Xcode51-DP.app/Contents/Developer/Platforms/MacOSX.platform/Developer/SDKs/MacOSX10.9.sdk -Wl,-search_paths_first -Wl,-headerpad_max_install_names   CMakeFiles/cmTryCompileExec2267374439.dir/CheckFunctionExists.c.o  -o cmTryCompileExec2267374439  


Determining if the function socket exists passed with the following output:
Change Dir: /Volumes/f/Users/doorxp/libwebsockets/CMakeFiles/CMakeTmp

Run Build Command:/Volumes/e/Applications/Xcode51-DP.app/Contents/Developer/usr/bin/make "cmTryCompileExec2914856639/fast"
/Volumes/e/Applications/Xcode51-DP.app/Contents/Developer/usr/bin/make -f CMakeFiles/cmTryCompileExec2914856639.dir/build.make CMakeFiles/cmTryCompileExec2914856639.dir/build
/usr/local/Cellar/cmake/2.8.11.1/bin/cmake -E cmake_progress_report /Volumes/f/Users/doorxp/libwebsockets/CMakeFiles/CMakeTmp/CMakeFiles 1
Building C object CMakeFiles/cmTryCompileExec2914856639.dir/CheckFunctionExists.c.o
/usr/bin/cc  -DKEYWORD=__inline -DCHECK_FUNCTION_EXISTS=socket -isysroot /Volumes/e/Applications/Xcode51-DP.app/Contents/Developer/Platforms/MacOSX.platform/Developer/SDKs/MacOSX10.9.sdk   -o CMakeFiles/cmTryCompileExec2914856639.dir/CheckFunctionExists.c.o   -c /usr/local/Cellar/cmake/2.8.11.1/share/cmake/Modules/CheckFunctionExists.c
Linking C executable cmTryCompileExec2914856639
/usr/local/Cellar/cmake/2.8.11.1/bin/cmake -E cmake_link_script CMakeFiles/cmTryCompileExec2914856639.dir/link.txt --verbose=1
/usr/bin/cc     -DCHECK_FUNCTION_EXISTS=socket -isysroot /Volumes/e/Applications/Xcode51-DP.app/Contents/Developer/Platforms/MacOSX.platform/Developer/SDKs/MacOSX10.9.sdk -Wl,-search_paths_first -Wl,-headerpad_max_install_names   CMakeFiles/cmTryCompileExec2914856639.dir/CheckFunctionExists.c.o  -o cmTryCompileExec2914856639  


Determining if the function strerror exists passed with the following output:
Change Dir: /Volumes/f/Users/doorxp/libwebsockets/CMakeFiles/CMakeTmp

Run Build Command:/Volumes/e/Applications/Xcode51-DP.app/Contents/Developer/usr/bin/make "cmTryCompileExec1588850962/fast"
/Volumes/e/Applications/Xcode51-DP.app/Contents/Developer/usr/bin/make -f CMakeFiles/cmTryCompileExec1588850962.dir/build.make CMakeFiles/cmTryCompileExec1588850962.dir/build
/usr/local/Cellar/cmake/2.8.11.1/bin/cmake -E cmake_progress_report /Volumes/f/Users/doorxp/libwebsockets/CMakeFiles/CMakeTmp/CMakeFiles 1
Building C object CMakeFiles/cmTryCompileExec1588850962.dir/CheckFunctionExists.c.o
/usr/bin/cc  -DKEYWORD=__inline -DCHECK_FUNCTION_EXISTS=strerror -isysroot /Volumes/e/Applications/Xcode51-DP.app/Contents/Developer/Platforms/MacOSX.platform/Developer/SDKs/MacOSX10.9.sdk   -o CMakeFiles/cmTryCompileExec1588850962.dir/CheckFunctionExists.c.o   -c /usr/local/Cellar/cmake/2.8.11.1/share/cmake/Modules/CheckFunctionExists.c
/usr/local/Cellar/cmake/2.8.11.1/share/cmake/Modules/CheckFunctionExists.c:3:6: warning: incompatible redeclaration of library function 'strerror' [-Wincompatible-library-redeclaration]
char CHECK_FUNCTION_EXISTS();
     ^
<command line>:2:31: note: expanded from here
#define CHECK_FUNCTION_EXISTS strerror
                              ^
/usr/local/Cellar/cmake/2.8.11.1/share/cmake/Modules/CheckFunctionExists.c:3:6: note: 'strerror' is a builtin with type 'char *(int)'
<command line>:2:31: note: expanded from here
#define CHECK_FUNCTION_EXISTS strerror
                              ^
1 warning generated.
Linking C executable cmTryCompileExec1588850962
/usr/local/Cellar/cmake/2.8.11.1/bin/cmake -E cmake_link_script CMakeFiles/cmTryCompileExec1588850962.dir/link.txt --verbose=1
/usr/bin/cc     -DCHECK_FUNCTION_EXISTS=strerror -isysroot /Volumes/e/Applications/Xcode51-DP.app/Contents/Developer/Platforms/MacOSX.platform/Developer/SDKs/MacOSX10.9.sdk -Wl,-search_paths_first -Wl,-headerpad_max_install_names   CMakeFiles/cmTryCompileExec1588850962.dir/CheckFunctionExists.c.o  -o cmTryCompileExec1588850962  


Determining if the function vfork exists passed with the following output:
Change Dir: /Volumes/f/Users/doorxp/libwebsockets/CMakeFiles/CMakeTmp

Run Build Command:/Volumes/e/Applications/Xcode51-DP.app/Contents/Developer/usr/bin/make "cmTryCompileExec3653031126/fast"
/Volumes/e/Applications/Xcode51-DP.app/Contents/Developer/usr/bin/make -f CMakeFiles/cmTryCompileExec3653031126.dir/build.make CMakeFiles/cmTryCompileExec3653031126.dir/build
/usr/local/Cellar/cmake/2.8.11.1/bin/cmake -E cmake_progress_report /Volumes/f/Users/doorxp/libwebsockets/CMakeFiles/CMakeTmp/CMakeFiles 1
Building C object CMakeFiles/cmTryCompileExec3653031126.dir/CheckFunctionExists.c.o
/usr/bin/cc  -DKEYWORD=__inline -DCHECK_FUNCTION_EXISTS=vfork -isysroot /Volumes/e/Applications/Xcode51-DP.app/Contents/Developer/Platforms/MacOSX.platform/Developer/SDKs/MacOSX10.9.sdk   -o CMakeFiles/cmTryCompileExec3653031126.dir/CheckFunctionExists.c.o   -c /usr/local/Cellar/cmake/2.8.11.1/share/cmake/Modules/CheckFunctionExists.c
/usr/local/Cellar/cmake/2.8.11.1/share/cmake/Modules/CheckFunctionExists.c:3:6: warning: incompatible redeclaration of library function 'vfork' [-Wincompatible-library-redeclaration]
char CHECK_FUNCTION_EXISTS();
     ^
<command line>:2:31: note: expanded from here
#define CHECK_FUNCTION_EXISTS vfork
                              ^
/usr/local/Cellar/cmake/2.8.11.1/share/cmake/Modules/CheckFunctionExists.c:3:6: note: 'vfork' is a builtin with type 'int (void)'
<command line>:2:31: note: expanded from here
#define CHECK_FUNCTION_EXISTS vfork
                              ^
1 warning generated.
Linking C executable cmTryCompileExec3653031126
/usr/local/Cellar/cmake/2.8.11.1/bin/cmake -E cmake_link_script CMakeFiles/cmTryCompileExec3653031126.dir/link.txt --verbose=1
/usr/bin/cc     -DCHECK_FUNCTION_EXISTS=vfork -isysroot /Volumes/e/Applications/Xcode51-DP.app/Contents/Developer/Platforms/MacOSX.platform/Developer/SDKs/MacOSX10.9.sdk -Wl,-search_paths_first -Wl,-headerpad_max_install_names   CMakeFiles/cmTryCompileExec3653031126.dir/CheckFunctionExists.c.o  -o cmTryCompileExec3653031126  


Determining if the function getifaddrs exists passed with the following output:
Change Dir: /Volumes/f/Users/doorxp/libwebsockets/CMakeFiles/CMakeTmp

Run Build Command:/Volumes/e/Applications/Xcode51-DP.app/Contents/Developer/usr/bin/make "cmTryCompileExec3053348110/fast"
/Volumes/e/Applications/Xcode51-DP.app/Contents/Developer/usr/bin/make -f CMakeFiles/cmTryCompileExec3053348110.dir/build.make CMakeFiles/cmTryCompileExec3053348110.dir/build
/usr/local/Cellar/cmake/2.8.11.1/bin/cmake -E cmake_progress_report /Volumes/f/Users/doorxp/libwebsockets/CMakeFiles/CMakeTmp/CMakeFiles 1
Building C object CMakeFiles/cmTryCompileExec3053348110.dir/CheckFunctionExists.c.o
/usr/bin/cc  -DKEYWORD=__inline -DCHECK_FUNCTION_EXISTS=getifaddrs -isysroot /Volumes/e/Applications/Xcode51-DP.app/Contents/Developer/Platforms/MacOSX.platform/Developer/SDKs/MacOSX10.9.sdk   -o CMakeFiles/cmTryCompileExec3053348110.dir/CheckFunctionExists.c.o   -c /usr/local/Cellar/cmake/2.8.11.1/share/cmake/Modules/CheckFunctionExists.c
Linking C executable cmTryCompileExec3053348110
/usr/local/Cellar/cmake/2.8.11.1/bin/cmake -E cmake_link_script CMakeFiles/cmTryCompileExec3053348110.dir/link.txt --verbose=1
/usr/bin/cc     -DCHECK_FUNCTION_EXISTS=getifaddrs -isysroot /Volumes/e/Applications/Xcode51-DP.app/Contents/Developer/Platforms/MacOSX.platform/Developer/SDKs/MacOSX10.9.sdk -Wl,-search_paths_first -Wl,-headerpad_max_install_names   CMakeFiles/cmTryCompileExec3053348110.dir/CheckFunctionExists.c.o  -o cmTryCompileExec3053348110  


Determining if the include file dlfcn.h exists passed with the following output:
Change Dir: /Volumes/f/Users/doorxp/libwebsockets/CMakeFiles/CMakeTmp

Run Build Command:/Volumes/e/Applications/Xcode51-DP.app/Contents/Developer/usr/bin/make "cmTryCompileExec657093743/fast"
/Volumes/e/Applications/Xcode51-DP.app/Contents/Developer/usr/bin/make -f CMakeFiles/cmTryCompileExec657093743.dir/build.make CMakeFiles/cmTryCompileExec657093743.dir/build
/usr/local/Cellar/cmake/2.8.11.1/bin/cmake -E cmake_progress_report /Volumes/f/Users/doorxp/libwebsockets/CMakeFiles/CMakeTmp/CMakeFiles 1
Building C object CMakeFiles/cmTryCompileExec657093743.dir/CheckIncludeFile.c.o
/usr/bin/cc  -DKEYWORD=__inline -isysroot /Volumes/e/Applications/Xcode51-DP.app/Contents/Developer/Platforms/MacOSX.platform/Developer/SDKs/MacOSX10.9.sdk   -o CMakeFiles/cmTryCompileExec657093743.dir/CheckIncludeFile.c.o   -c /Volumes/f/Users/doorxp/libwebsockets/CMakeFiles/CMakeTmp/CheckIncludeFile.c
Linking C executable cmTryCompileExec657093743
/usr/local/Cellar/cmake/2.8.11.1/bin/cmake -E cmake_link_script CMakeFiles/cmTryCompileExec657093743.dir/link.txt --verbose=1
/usr/bin/cc      -isysroot /Volumes/e/Applications/Xcode51-DP.app/Contents/Developer/Platforms/MacOSX.platform/Developer/SDKs/MacOSX10.9.sdk -Wl,-search_paths_first -Wl,-headerpad_max_install_names   CMakeFiles/cmTryCompileExec657093743.dir/CheckIncludeFile.c.o  -o cmTryCompileExec657093743  


Determining if the include file fcntl.h exists passed with the following output:
Change Dir: /Volumes/f/Users/doorxp/libwebsockets/CMakeFiles/CMakeTmp

Run Build Command:/Volumes/e/Applications/Xcode51-DP.app/Contents/Developer/usr/bin/make "cmTryCompileExec1464124690/fast"
/Volumes/e/Applications/Xcode51-DP.app/Contents/Developer/usr/bin/make -f CMakeFiles/cmTryCompileExec1464124690.dir/build.make CMakeFiles/cmTryCompileExec1464124690.dir/build
/usr/local/Cellar/cmake/2.8.11.1/bin/cmake -E cmake_progress_report /Volumes/f/Users/doorxp/libwebsockets/CMakeFiles/CMakeTmp/CMakeFiles 1
Building C object CMakeFiles/cmTryCompileExec1464124690.dir/CheckIncludeFile.c.o
/usr/bin/cc  -DKEYWORD=__inline -isysroot /Volumes/e/Applications/Xcode51-DP.app/Contents/Developer/Platforms/MacOSX.platform/Developer/SDKs/MacOSX10.9.sdk   -o CMakeFiles/cmTryCompileExec1464124690.dir/CheckIncludeFile.c.o   -c /Volumes/f/Users/doorxp/libwebsockets/CMakeFiles/CMakeTmp/CheckIncludeFile.c
Linking C executable cmTryCompileExec1464124690
/usr/local/Cellar/cmake/2.8.11.1/bin/cmake -E cmake_link_script CMakeFiles/cmTryCompileExec1464124690.dir/link.txt --verbose=1
/usr/bin/cc      -isysroot /Volumes/e/Applications/Xcode51-DP.app/Contents/Developer/Platforms/MacOSX.platform/Developer/SDKs/MacOSX10.9.sdk -Wl,-search_paths_first -Wl,-headerpad_max_install_names   CMakeFiles/cmTryCompileExec1464124690.dir/CheckIncludeFile.c.o  -o cmTryCompileExec1464124690  


Determining if the include file inttypes.h exists passed with the following output:
Change Dir: /Volumes/f/Users/doorxp/libwebsockets/CMakeFiles/CMakeTmp

Run Build Command:/Volumes/e/Applications/Xcode51-DP.app/Contents/Developer/usr/bin/make "cmTryCompileExec3790249219/fast"
/Volumes/e/Applications/Xcode51-DP.app/Contents/Developer/usr/bin/make -f CMakeFiles/cmTryCompileExec3790249219.dir/build.make CMakeFiles/cmTryCompileExec3790249219.dir/build
/usr/local/Cellar/cmake/2.8.11.1/bin/cmake -E cmake_progress_report /Volumes/f/Users/doorxp/libwebsockets/CMakeFiles/CMakeTmp/CMakeFiles 1
Building C object CMakeFiles/cmTryCompileExec3790249219.dir/CheckIncludeFile.c.o
/usr/bin/cc  -DKEYWORD=__inline -isysroot /Volumes/e/Applications/Xcode51-DP.app/Contents/Developer/Platforms/MacOSX.platform/Developer/SDKs/MacOSX10.9.sdk   -o CMakeFiles/cmTryCompileExec3790249219.dir/CheckIncludeFile.c.o   -c /Volumes/f/Users/doorxp/libwebsockets/CMakeFiles/CMakeTmp/CheckIncludeFile.c
Linking C executable cmTryCompileExec3790249219
/usr/local/Cellar/cmake/2.8.11.1/bin/cmake -E cmake_link_script CMakeFiles/cmTryCompileExec3790249219.dir/link.txt --verbose=1
/usr/bin/cc      -isysroot /Volumes/e/Applications/Xcode51-DP.app/Contents/Developer/Platforms/MacOSX.platform/Developer/SDKs/MacOSX10.9.sdk -Wl,-search_paths_first -Wl,-headerpad_max_install_names   CMakeFiles/cmTryCompileExec3790249219.dir/CheckIncludeFile.c.o  -o cmTryCompileExec3790249219  


Determining if the include file memory.h exists passed with the following output:
Change Dir: /Volumes/f/Users/doorxp/libwebsockets/CMakeFiles/CMakeTmp

Run Build Command:/Volumes/e/Applications/Xcode51-DP.app/Contents/Developer/usr/bin/make "cmTryCompileExec2311300598/fast"
/Volumes/e/Applications/Xcode51-DP.app/Contents/Developer/usr/bin/make -f CMakeFiles/cmTryCompileExec2311300598.dir/build.make CMakeFiles/cmTryCompileExec2311300598.dir/build
/usr/local/Cellar/cmake/2.8.11.1/bin/cmake -E cmake_progress_report /Volumes/f/Users/doorxp/libwebsockets/CMakeFiles/CMakeTmp/CMakeFiles 1
Building C object CMakeFiles/cmTryCompileExec2311300598.dir/CheckIncludeFile.c.o
/usr/bin/cc  -DKEYWORD=__inline -isysroot /Volumes/e/Applications/Xcode51-DP.app/Contents/Developer/Platforms/MacOSX.platform/Developer/SDKs/MacOSX10.9.sdk   -o CMakeFiles/cmTryCompileExec2311300598.dir/CheckIncludeFile.c.o   -c /Volumes/f/Users/doorxp/libwebsockets/CMakeFiles/CMakeTmp/CheckIncludeFile.c
Linking C executable cmTryCompileExec2311300598
/usr/local/Cellar/cmake/2.8.11.1/bin/cmake -E cmake_link_script CMakeFiles/cmTryCompileExec2311300598.dir/link.txt --verbose=1
/usr/bin/cc      -isysroot /Volumes/e/Applications/Xcode51-DP.app/Contents/Developer/Platforms/MacOSX.platform/Developer/SDKs/MacOSX10.9.sdk -Wl,-search_paths_first -Wl,-headerpad_max_install_names   CMakeFiles/cmTryCompileExec2311300598.dir/CheckIncludeFile.c.o  -o cmTryCompileExec2311300598  


Determining if the include file netinet/in.h exists passed with the following output:
Change Dir: /Volumes/f/Users/doorxp/libwebsockets/CMakeFiles/CMakeTmp

Run Build Command:/Volumes/e/Applications/Xcode51-DP.app/Contents/Developer/usr/bin/make "cmTryCompileExec3476620006/fast"
/Volumes/e/Applications/Xcode51-DP.app/Contents/Developer/usr/bin/make -f CMakeFiles/cmTryCompileExec3476620006.dir/build.make CMakeFiles/cmTryCompileExec3476620006.dir/build
/usr/local/Cellar/cmake/2.8.11.1/bin/cmake -E cmake_progress_report /Volumes/f/Users/doorxp/libwebsockets/CMakeFiles/CMakeTmp/CMakeFiles 1
Building C object CMakeFiles/cmTryCompileExec3476620006.dir/CheckIncludeFile.c.o
/usr/bin/cc  -DKEYWORD=__inline -isysroot /Volumes/e/Applications/Xcode51-DP.app/Contents/Developer/Platforms/MacOSX.platform/Developer/SDKs/MacOSX10.9.sdk   -o CMakeFiles/cmTryCompileExec3476620006.dir/CheckIncludeFile.c.o   -c /Volumes/f/Users/doorxp/libwebsockets/CMakeFiles/CMakeTmp/CheckIncludeFile.c
Linking C executable cmTryCompileExec3476620006
/usr/local/Cellar/cmake/2.8.11.1/bin/cmake -E cmake_link_script CMakeFiles/cmTryCompileExec3476620006.dir/link.txt --verbose=1
/usr/bin/cc      -isysroot /Volumes/e/Applications/Xcode51-DP.app/Contents/Developer/Platforms/MacOSX.platform/Developer/SDKs/MacOSX10.9.sdk -Wl,-search_paths_first -Wl,-headerpad_max_install_names   CMakeFiles/cmTryCompileExec3476620006.dir/CheckIncludeFile.c.o  -o cmTryCompileExec3476620006  


Determining if the include file stdint.h exists passed with the following output:
Change Dir: /Volumes/f/Users/doorxp/libwebsockets/CMakeFiles/CMakeTmp

Run Build Command:/Volumes/e/Applications/Xcode51-DP.app/Contents/Developer/usr/bin/make "cmTryCompileExec1385511351/fast"
/Volumes/e/Applications/Xcode51-DP.app/Contents/Developer/usr/bin/make -f CMakeFiles/cmTryCompileExec1385511351.dir/build.make CMakeFiles/cmTryCompileExec1385511351.dir/build
/usr/local/Cellar/cmake/2.8.11.1/bin/cmake -E cmake_progress_report /Volumes/f/Users/doorxp/libwebsockets/CMakeFiles/CMakeTmp/CMakeFiles 1
Building C object CMakeFiles/cmTryCompileExec1385511351.dir/CheckIncludeFile.c.o
/usr/bin/cc  -DKEYWORD=__inline -isysroot /Volumes/e/Applications/Xcode51-DP.app/Contents/Developer/Platforms/MacOSX.platform/Developer/SDKs/MacOSX10.9.sdk   -o CMakeFiles/cmTryCompileExec1385511351.dir/CheckIncludeFile.c.o   -c /Volumes/f/Users/doorxp/libwebsockets/CMakeFiles/CMakeTmp/CheckIncludeFile.c
Linking C executable cmTryCompileExec1385511351
/usr/local/Cellar/cmake/2.8.11.1/bin/cmake -E cmake_link_script CMakeFiles/cmTryCompileExec1385511351.dir/link.txt --verbose=1
/usr/bin/cc      -isysroot /Volumes/e/Applications/Xcode51-DP.app/Contents/Developer/Platforms/MacOSX.platform/Developer/SDKs/MacOSX10.9.sdk -Wl,-search_paths_first -Wl,-headerpad_max_install_names   CMakeFiles/cmTryCompileExec1385511351.dir/CheckIncludeFile.c.o  -o cmTryCompileExec1385511351  


Determining if the include file stdlib.h exists passed with the following output:
Change Dir: /Volumes/f/Users/doorxp/libwebsockets/CMakeFiles/CMakeTmp

Run Build Command:/Volumes/e/Applications/Xcode51-DP.app/Contents/Developer/usr/bin/make "cmTryCompileExec3655870485/fast"
/Volumes/e/Applications/Xcode51-DP.app/Contents/Developer/usr/bin/make -f CMakeFiles/cmTryCompileExec3655870485.dir/build.make CMakeFiles/cmTryCompileExec3655870485.dir/build
/usr/local/Cellar/cmake/2.8.11.1/bin/cmake -E cmake_progress_report /Volumes/f/Users/doorxp/libwebsockets/CMakeFiles/CMakeTmp/CMakeFiles 1
Building C object CMakeFiles/cmTryCompileExec3655870485.dir/CheckIncludeFile.c.o
/usr/bin/cc  -DKEYWORD=__inline -isysroot /Volumes/e/Applications/Xcode51-DP.app/Contents/Developer/Platforms/MacOSX.platform/Developer/SDKs/MacOSX10.9.sdk   -o CMakeFiles/cmTryCompileExec3655870485.dir/CheckIncludeFile.c.o   -c /Volumes/f/Users/doorxp/libwebsockets/CMakeFiles/CMakeTmp/CheckIncludeFile.c
Linking C executable cmTryCompileExec3655870485
/usr/local/Cellar/cmake/2.8.11.1/bin/cmake -E cmake_link_script CMakeFiles/cmTryCompileExec3655870485.dir/link.txt --verbose=1
/usr/bin/cc      -isysroot /Volumes/e/Applications/Xcode51-DP.app/Contents/Developer/Platforms/MacOSX.platform/Developer/SDKs/MacOSX10.9.sdk -Wl,-search_paths_first -Wl,-headerpad_max_install_names   CMakeFiles/cmTryCompileExec3655870485.dir/CheckIncludeFile.c.o  -o cmTryCompileExec3655870485  


Determining if the include file strings.h exists passed with the following output:
Change Dir: /Volumes/f/Users/doorxp/libwebsockets/CMakeFiles/CMakeTmp

Run Build Command:/Volumes/e/Applications/Xcode51-DP.app/Contents/Developer/usr/bin/make "cmTryCompileExec1911584537/fast"
/Volumes/e/Applications/Xcode51-DP.app/Contents/Developer/usr/bin/make -f CMakeFiles/cmTryCompileExec1911584537.dir/build.make CMakeFiles/cmTryCompileExec1911584537.dir/build
/usr/local/Cellar/cmake/2.8.11.1/bin/cmake -E cmake_progress_report /Volumes/f/Users/doorxp/libwebsockets/CMakeFiles/CMakeTmp/CMakeFiles 1
Building C object CMakeFiles/cmTryCompileExec1911584537.dir/CheckIncludeFile.c.o
/usr/bin/cc  -DKEYWORD=__inline -isysroot /Volumes/e/Applications/Xcode51-DP.app/Contents/Developer/Platforms/MacOSX.platform/Developer/SDKs/MacOSX10.9.sdk   -o CMakeFiles/cmTryCompileExec1911584537.dir/CheckIncludeFile.c.o   -c /Volumes/f/Users/doorxp/libwebsockets/CMakeFiles/CMakeTmp/CheckIncludeFile.c
Linking C executable cmTryCompileExec1911584537
/usr/local/Cellar/cmake/2.8.11.1/bin/cmake -E cmake_link_script CMakeFiles/cmTryCompileExec1911584537.dir/link.txt --verbose=1
/usr/bin/cc      -isysroot /Volumes/e/Applications/Xcode51-DP.app/Contents/Developer/Platforms/MacOSX.platform/Developer/SDKs/MacOSX10.9.sdk -Wl,-search_paths_first -Wl,-headerpad_max_install_names   CMakeFiles/cmTryCompileExec1911584537.dir/CheckIncludeFile.c.o  -o cmTryCompileExec1911584537  


Determining if the include file string.h exists passed with the following output:
Change Dir: /Volumes/f/Users/doorxp/libwebsockets/CMakeFiles/CMakeTmp

Run Build Command:/Volumes/e/Applications/Xcode51-DP.app/Contents/Developer/usr/bin/make "cmTryCompileExec4116612273/fast"
/Volumes/e/Applications/Xcode51-DP.app/Contents/Developer/usr/bin/make -f CMakeFiles/cmTryCompileExec4116612273.dir/build.make CMakeFiles/cmTryCompileExec4116612273.dir/build
/usr/local/Cellar/cmake/2.8.11.1/bin/cmake -E cmake_progress_report /Volumes/f/Users/doorxp/libwebsockets/CMakeFiles/CMakeTmp/CMakeFiles 1
Building C object CMakeFiles/cmTryCompileExec4116612273.dir/CheckIncludeFile.c.o
/usr/bin/cc  -DKEYWORD=__inline -isysroot /Volumes/e/Applications/Xcode51-DP.app/Contents/Developer/Platforms/MacOSX.platform/Developer/SDKs/MacOSX10.9.sdk   -o CMakeFiles/cmTryCompileExec4116612273.dir/CheckIncludeFile.c.o   -c /Volumes/f/Users/doorxp/libwebsockets/CMakeFiles/CMakeTmp/CheckIncludeFile.c
Linking C executable cmTryCompileExec4116612273
/usr/local/Cellar/cmake/2.8.11.1/bin/cmake -E cmake_link_script CMakeFiles/cmTryCompileExec4116612273.dir/link.txt --verbose=1
/usr/bin/cc      -isysroot /Volumes/e/Applications/Xcode51-DP.app/Contents/Developer/Platforms/MacOSX.platform/Developer/SDKs/MacOSX10.9.sdk -Wl,-search_paths_first -Wl,-headerpad_max_install_names   CMakeFiles/cmTryCompileExec4116612273.dir/CheckIncludeFile.c.o  -o cmTryCompileExec4116612273  


Determining if the include file sys/socket.h exists passed with the following output:
Change Dir: /Volumes/f/Users/doorxp/libwebsockets/CMakeFiles/CMakeTmp

Run Build Command:/Volumes/e/Applications/Xcode51-DP.app/Contents/Developer/usr/bin/make "cmTryCompileExec2021006253/fast"
/Volumes/e/Applications/Xcode51-DP.app/Contents/Developer/usr/bin/make -f CMakeFiles/cmTryCompileExec2021006253.dir/build.make CMakeFiles/cmTryCompileExec2021006253.dir/build
/usr/local/Cellar/cmake/2.8.11.1/bin/cmake -E cmake_progress_report /Volumes/f/Users/doorxp/libwebsockets/CMakeFiles/CMakeTmp/CMakeFiles 1
Building C object CMakeFiles/cmTryCompileExec2021006253.dir/CheckIncludeFile.c.o
/usr/bin/cc  -DKEYWORD=__inline -isysroot /Volumes/e/Applications/Xcode51-DP.app/Contents/Developer/Platforms/MacOSX.platform/Developer/SDKs/MacOSX10.9.sdk   -o CMakeFiles/cmTryCompileExec2021006253.dir/CheckIncludeFile.c.o   -c /Volumes/f/Users/doorxp/libwebsockets/CMakeFiles/CMakeTmp/CheckIncludeFile.c
Linking C executable cmTryCompileExec2021006253
/usr/local/Cellar/cmake/2.8.11.1/bin/cmake -E cmake_link_script CMakeFiles/cmTryCompileExec2021006253.dir/link.txt --verbose=1
/usr/bin/cc      -isysroot /Volumes/e/Applications/Xcode51-DP.app/Contents/Developer/Platforms/MacOSX.platform/Developer/SDKs/MacOSX10.9.sdk -Wl,-search_paths_first -Wl,-headerpad_max_install_names   CMakeFiles/cmTryCompileExec2021006253.dir/CheckIncludeFile.c.o  -o cmTryCompileExec2021006253  


Determining if the include file sys/stat.h exists passed with the following output:
Change Dir: /Volumes/f/Users/doorxp/libwebsockets/CMakeFiles/CMakeTmp

Run Build Command:/Volumes/e/Applications/Xcode51-DP.app/Contents/Developer/usr/bin/make "cmTryCompileExec2024948750/fast"
/Volumes/e/Applications/Xcode51-DP.app/Contents/Developer/usr/bin/make -f CMakeFiles/cmTryCompileExec2024948750.dir/build.make CMakeFiles/cmTryCompileExec2024948750.dir/build
/usr/local/Cellar/cmake/2.8.11.1/bin/cmake -E cmake_progress_report /Volumes/f/Users/doorxp/libwebsockets/CMakeFiles/CMakeTmp/CMakeFiles 1
Building C object CMakeFiles/cmTryCompileExec2024948750.dir/CheckIncludeFile.c.o
/usr/bin/cc  -DKEYWORD=__inline -isysroot /Volumes/e/Applications/Xcode51-DP.app/Contents/Developer/Platforms/MacOSX.platform/Developer/SDKs/MacOSX10.9.sdk   -o CMakeFiles/cmTryCompileExec2024948750.dir/CheckIncludeFile.c.o   -c /Volumes/f/Users/doorxp/libwebsockets/CMakeFiles/CMakeTmp/CheckIncludeFile.c
Linking C executable cmTryCompileExec2024948750
/usr/local/Cellar/cmake/2.8.11.1/bin/cmake -E cmake_link_script CMakeFiles/cmTryCompileExec2024948750.dir/link.txt --verbose=1
/usr/bin/cc      -isysroot /Volumes/e/Applications/Xcode51-DP.app/Contents/Developer/Platforms/MacOSX.platform/Developer/SDKs/MacOSX10.9.sdk -Wl,-search_paths_first -Wl,-headerpad_max_install_names   CMakeFiles/cmTryCompileExec2024948750.dir/CheckIncludeFile.c.o  -o cmTryCompileExec2024948750  


Determining if the include file sys/types.h exists passed with the following output:
Change Dir: /Volumes/f/Users/doorxp/libwebsockets/CMakeFiles/CMakeTmp

Run Build Command:/Volumes/e/Applications/Xcode51-DP.app/Contents/Developer/usr/bin/make "cmTryCompileExec2450823048/fast"
/Volumes/e/Applications/Xcode51-DP.app/Contents/Developer/usr/bin/make -f CMakeFiles/cmTryCompileExec2450823048.dir/build.make CMakeFiles/cmTryCompileExec2450823048.dir/build
/usr/local/Cellar/cmake/2.8.11.1/bin/cmake -E cmake_progress_report /Volumes/f/Users/doorxp/libwebsockets/CMakeFiles/CMakeTmp/CMakeFiles 1
Building C object CMakeFiles/cmTryCompileExec2450823048.dir/CheckIncludeFile.c.o
/usr/bin/cc  -DKEYWORD=__inline -isysroot /Volumes/e/Applications/Xcode51-DP.app/Contents/Developer/Platforms/MacOSX.platform/Developer/SDKs/MacOSX10.9.sdk   -o CMakeFiles/cmTryCompileExec2450823048.dir/CheckIncludeFile.c.o   -c /Volumes/f/Users/doorxp/libwebsockets/CMakeFiles/CMakeTmp/CheckIncludeFile.c
Linking C executable cmTryCompileExec2450823048
/usr/local/Cellar/cmake/2.8.11.1/bin/cmake -E cmake_link_script CMakeFiles/cmTryCompileExec2450823048.dir/link.txt --verbose=1
/usr/bin/cc      -isysroot /Volumes/e/Applications/Xcode51-DP.app/Contents/Developer/Platforms/MacOSX.platform/Developer/SDKs/MacOSX10.9.sdk -Wl,-search_paths_first -Wl,-headerpad_max_install_names   CMakeFiles/cmTryCompileExec2450823048.dir/CheckIncludeFile.c.o  -o cmTryCompileExec2450823048  


Determining if the include file unistd.h exists passed with the following output:
Change Dir: /Volumes/f/Users/doorxp/libwebsockets/CMakeFiles/CMakeTmp

Run Build Command:/Volumes/e/Applications/Xcode51-DP.app/Contents/Developer/usr/bin/make "cmTryCompileExec357339731/fast"
/Volumes/e/Applications/Xcode51-DP.app/Contents/Developer/usr/bin/make -f CMakeFiles/cmTryCompileExec357339731.dir/build.make CMakeFiles/cmTryCompileExec357339731.dir/build
/usr/local/Cellar/cmake/2.8.11.1/bin/cmake -E cmake_progress_report /Volumes/f/Users/doorxp/libwebsockets/CMakeFiles/CMakeTmp/CMakeFiles 1
Building C object CMakeFiles/cmTryCompileExec357339731.dir/CheckIncludeFile.c.o
/usr/bin/cc  -DKEYWORD=__inline -isysroot /Volumes/e/Applications/Xcode51-DP.app/Contents/Developer/Platforms/MacOSX.platform/Developer/SDKs/MacOSX10.9.sdk   -o CMakeFiles/cmTryCompileExec357339731.dir/CheckIncludeFile.c.o   -c /Volumes/f/Users/doorxp/libwebsockets/CMakeFiles/CMakeTmp/CheckIncludeFile.c
Linking C executable cmTryCompileExec357339731
/usr/local/Cellar/cmake/2.8.11.1/bin/cmake -E cmake_link_script CMakeFiles/cmTryCompileExec357339731.dir/link.txt --verbose=1
/usr/bin/cc      -isysroot /Volumes/e/Applications/Xcode51-DP.app/Contents/Developer/Platforms/MacOSX.platform/Developer/SDKs/MacOSX10.9.sdk -Wl,-search_paths_first -Wl,-headerpad_max_install_names   CMakeFiles/cmTryCompileExec357339731.dir/CheckIncludeFile.c.o  -o cmTryCompileExec357339731  


Determining if the include file zlib.h exists passed with the following output:
Change Dir: /Volumes/f/Users/doorxp/libwebsockets/CMakeFiles/CMakeTmp

Run Build Command:/Volumes/e/Applications/Xcode51-DP.app/Contents/Developer/usr/bin/make "cmTryCompileExec1024221059/fast"
/Volumes/e/Applications/Xcode51-DP.app/Contents/Developer/usr/bin/make -f CMakeFiles/cmTryCompileExec1024221059.dir/build.make CMakeFiles/cmTryCompileExec1024221059.dir/build
/usr/local/Cellar/cmake/2.8.11.1/bin/cmake -E cmake_progress_report /Volumes/f/Users/doorxp/libwebsockets/CMakeFiles/CMakeTmp/CMakeFiles 1
Building C object CMakeFiles/cmTryCompileExec1024221059.dir/CheckIncludeFile.c.o
/usr/bin/cc  -DKEYWORD=__inline -isysroot /Volumes/e/Applications/Xcode51-DP.app/Contents/Developer/Platforms/MacOSX.platform/Developer/SDKs/MacOSX10.9.sdk   -o CMakeFiles/cmTryCompileExec1024221059.dir/CheckIncludeFile.c.o   -c /Volumes/f/Users/doorxp/libwebsockets/CMakeFiles/CMakeTmp/CheckIncludeFile.c
Linking C executable cmTryCompileExec1024221059
/usr/local/Cellar/cmake/2.8.11.1/bin/cmake -E cmake_link_script CMakeFiles/cmTryCompileExec1024221059.dir/link.txt --verbose=1
/usr/bin/cc      -isysroot /Volumes/e/Applications/Xcode51-DP.app/Contents/Developer/Platforms/MacOSX.platform/Developer/SDKs/MacOSX10.9.sdk -Wl,-search_paths_first -Wl,-headerpad_max_install_names   CMakeFiles/cmTryCompileExec1024221059.dir/CheckIncludeFile.c.o  -o cmTryCompileExec1024221059  


Determining if files stdlib.h;stdarg.h;string.h;float.h exist passed with the following output:
Change Dir: /Volumes/f/Users/doorxp/libwebsockets/CMakeFiles/CMakeTmp

Run Build Command:/Volumes/e/Applications/Xcode51-DP.app/Contents/Developer/usr/bin/make "cmTryCompileExec3730004279/fast"
/Volumes/e/Applications/Xcode51-DP.app/Contents/Developer/usr/bin/make -f CMakeFiles/cmTryCompileExec3730004279.dir/build.make CMakeFiles/cmTryCompileExec3730004279.dir/build
/usr/local/Cellar/cmake/2.8.11.1/bin/cmake -E cmake_progress_report /Volumes/f/Users/doorxp/libwebsockets/CMakeFiles/CMakeTmp/CMakeFiles 1
Building C object CMakeFiles/cmTryCompileExec3730004279.dir/CheckIncludeFiles.c.o
/usr/bin/cc  -DKEYWORD=__inline -isysroot /Volumes/e/Applications/Xcode51-DP.app/Contents/Developer/Platforms/MacOSX.platform/Developer/SDKs/MacOSX10.9.sdk   -o CMakeFiles/cmTryCompileExec3730004279.dir/CheckIncludeFiles.c.o   -c /Volumes/f/Users/doorxp/libwebsockets/CMakeFiles/CMakeTmp/CheckIncludeFiles.c
Linking C executable cmTryCompileExec3730004279
/usr/local/Cellar/cmake/2.8.11.1/bin/cmake -E cmake_link_script CMakeFiles/cmTryCompileExec3730004279.dir/link.txt --verbose=1
/usr/bin/cc      -isysroot /Volumes/e/Applications/Xcode51-DP.app/Contents/Developer/Platforms/MacOSX.platform/Developer/SDKs/MacOSX10.9.sdk -Wl,-search_paths_first -Wl,-headerpad_max_install_names   CMakeFiles/cmTryCompileExec3730004279.dir/CheckIncludeFiles.c.o  -o cmTryCompileExec3730004279  


